<?xml version="1.0" encoding="UTF-8"?>
<!-- Generated by org.testng.reporters.JUnitXMLReporter -->
<testsuite ignored="0" hostname="LAPTOP-LVIV4PNL" failures="0" tests="1" name="Test-0" time="25.413" errors="0" timestamp="2023-12-19T23:30:23 IST">
  <testcase classname="jaiwincode.TestDemo" name="titleCheck" time="24.41"/>
</testsuite> <!-- Test-0 -->
