<?xml version="1.0" encoding="UTF-8"?>
<!-- Generated by org.testng.reporters.JUnitXMLReporter -->
<testsuite ignored="0" hostname="LAPTOP-LVIV4PNL" failures="0" tests="1" name="Test-1" time="11.242" errors="0" timestamp="2023-12-19T23:30:09 IST">
  <testcase classname="jaiwincode.TestDemo" name="titleCheck" time="10.25"/>
</testsuite> <!-- Test-1 -->
