<?xml version="1.0" encoding="UTF-8"?>
<!-- Generated by org.testng.reporters.JUnitReportReporter -->
<testsuite hostname="LAPTOP-LVIV4PNL" failures="0" tests="2" name="rahulshettyacademy.TestDemo" time="33.654" errors="0" timestamp="2023-12-19T22:41:02 IST" skipped="0">
  <testcase classname="rahulshettyacademy.TestDemo" name="titleCheck" time="9.599"/>
  <system-out/>
  <testcase classname="rahulshettyacademy.TestDemo" name="titleCheck" time="24.055"/>
  <system-out/>
</testsuite> <!-- rahulshettyacademy.TestDemo -->
