<?xml version="1.0" encoding="UTF-8"?>
<!-- Generated by org.testng.reporters.JUnitReportReporter -->
<testsuite hostname="LAPTOP-LVIV4PNL" failures="0" tests="2" name="jaiwincode.TestDemo2" time="34.728" errors="0" timestamp="2023-12-19T23:30:40 IST" skipped="0">
  <testcase classname="jaiwincode.TestDemo2" name="titleCheckGoogle" time="10.004"/>
  <system-out/>
  <testcase classname="jaiwincode.TestDemo2" name="titleCheckGoogle" time="24.724"/>
  <system-out/>
</testsuite> <!-- jaiwincode.TestDemo2 -->
