<?xml version="1.0" encoding="UTF-8"?>
<!-- Generated by org.testng.reporters.JUnitReportReporter -->
<testsuite hostname="LAPTOP-LVIV4PNL" failures="0" tests="2" name="jaiwincode.TestDemo" time="34.660" errors="0" timestamp="2023-12-19T23:30:40 IST" skipped="0">
  <testcase classname="jaiwincode.TestDemo" name="titleCheck" time="24.410"/>
  <system-out/>
  <testcase classname="jaiwincode.TestDemo" name="titleCheck" time="10.250"/>
  <system-out/>
</testsuite> <!-- jaiwincode.TestDemo -->
